\BOOKMARK [0][-]{chapter.1}{Introduction}{}
\BOOKMARK [1][-]{section.1.1}{Why Use a Framework?}{chapter.1}
\BOOKMARK [1][-]{section.1.2}{Design Goals of Fashion Quest}{chapter.1}
\BOOKMARK [0][-]{chapter.2}{Overview}{}
\BOOKMARK [1][-]{section.2.1}{Game Elements}{chapter.2}
\BOOKMARK [1][-]{section.2.2}{Framework Directory Structure}{chapter.2}
\BOOKMARK [1][-]{section.2.3}{Game Directory Structure}{chapter.2}
\BOOKMARK [1][-]{section.2.4}{Built-in Commands}{chapter.2}
\BOOKMARK [0][-]{chapter.3}{Game World Elements}{}
\BOOKMARK [1][-]{section.3.1}{Locations}{chapter.3}
\BOOKMARK [1][-]{section.3.2}{Doors}{chapter.3}
\BOOKMARK [1][-]{section.3.3}{Props}{chapter.3}
\BOOKMARK [1][-]{section.3.4}{Characters}{chapter.3}
\BOOKMARK [1][-]{section.3.5}{State}{chapter.3}
\BOOKMARK [0][-]{chapter.4}{Game World Manipulation}{}
\BOOKMARK [1][-]{section.4.1}{Commands}{chapter.4}
\BOOKMARK [1][-]{section.4.2}{Events}{chapter.4}
\BOOKMARK [1][-]{section.4.3}{Transitions}{chapter.4}
\BOOKMARK [0][-]{chapter.5}{Fine-Tuning}{}
\BOOKMARK [1][-]{section.5.1}{Scoring}{chapter.5}
\BOOKMARK [1][-]{section.5.2}{Parsing}{chapter.5}
\BOOKMARK [1][-]{section.5.3}{Testing}{chapter.5}
